<?xml version="1.0" encoding="UTF-8"?>
<!-- Generated by org.testng.reporters.JUnitXMLReporter -->
<testsuite ignored="0" hostname="KANINI-LTP-552" failures="1" tests="3" name="ErrorValidations Test" time="14.448" errors="0" timestamp="26 Feb 2025 10:24:43 GMT">
  <testcase classname="rahulShettyacademy_ActualProject.ErrorValidationsTest" name="LoginErrorValidation" time="0.325">
    <skipped/>
  </testcase> <!-- LoginErrorValidation -->
  <testcase classname="rahulShettyacademy_ActualProject.ErrorValidationsTest" name="LoginErrorValidation" time="0.848">
    <failure type="java.lang.AssertionError" message="Matching expected [Incorrect email or  password.] but found [Incorrect email or password.]">
      <![CDATA[java.lang.AssertionError: Matching expected [Incorrect email or  password.] but found [Incorrect email or password.]
at rahulShettyacademy_ActualProject.ErrorValidationsTest.LoginErrorValidation(ErrorValidationsTest.java:33)
... Removed 30 stack frames]]>
    </failure>
  </testcase> <!-- LoginErrorValidation -->
  <testcase classname="rahulShettyacademy_ActualProject.ErrorValidationsTest" name="ValidatedOrderConfirmation" time="3.759"/>
</testsuite> <!-- ErrorValidations Test -->
