<?xml version="1.0" encoding="UTF-8"?>
<!-- Generated by org.testng.reporters.JUnitXMLReporter -->
<testsuite ignored="0" hostname="KANINI-LTP-552" failures="0" tests="2" name="SubmitOrder Test" time="9.783" errors="0" timestamp="26 Feb 2025 10:24:29 GMT">
  <testcase classname="rahulShettyacademy_ActualProject.SubmitOrder" name="ValidatedOrderConfirmation" time="5.519"/>
  <testcase classname="rahulShettyacademy_ActualProject.SubmitOrder" name="OrderHisToryTest" time="0.499"/>
</testsuite> <!-- SubmitOrder Test -->
