<?xml version="1.0" encoding="UTF-8"?>
<!-- Generated by org.testng.reporters.JUnitXMLReporter -->
<testsuite ignored="0" hostname="KANINI-LTP-552" failures="0" tests="2" name="Default test" time="19.924" errors="0" timestamp="24 Feb 2025 14:22:34 GMT">
  <testcase classname="rahulShettyacademy_ActualProject.SubmitOrder" name="ValidatedOrderConfirmation" time="5.299"/>
  <testcase classname="rahulShettyacademy_ActualProject.SubmitOrder" name="OrderHisToryTest" time="0.535"/>
</testsuite> <!-- Default test -->
